<?xml version="1.0" encoding="UTF-8"?>
<!-- Generated by org.testng.reporters.JUnitReportReporter -->
<testsuite hostname="LTUGPLTP0086" failures="0" tests="4" name="Insurance.DogInsurance" time="0.024" errors="0" timestamp="2023-05-31T23:16:54 EEST" skipped="0">
  <testcase classname="Insurance.DogInsurance" name="WebLoginDogInsurance" time="0.002"/>
  <system-out/>
  <testcase classname="Insurance.DogInsurance" name="MobileLoginDogInsurance" time="0.016"/>
  <system-out/>
  <testcase classname="Insurance.DogInsurance" name="MobileLogoutDogInsurance" time="0.003"/>
  <system-out/>
  <testcase classname="Insurance.DogInsurance" name="WebLogoutDogInsurance" time="0.003"/>
  <system-out/>
</testsuite> <!-- Insurance.DogInsurance -->
