<?xml version="1.0" encoding="UTF-8"?>
<!-- Generated by org.testng.reporters.JUnitReportReporter -->
<testsuite hostname="LTUGPLTP0086" failures="0" tests="4" name="Insurance.DogInsurance" time="0.012" errors="0" timestamp="2023-05-11T18:34:34 EEST" skipped="0">
  <testcase classname="Insurance.DogInsurance" name="MobileLogoutDogInsurance" time="0.001"/>
  <system-out/>
  <testcase classname="Insurance.DogInsurance" name="MobileLoginDogInsurance" time="0.009"/>
  <system-out/>
  <testcase classname="Insurance.DogInsurance" name="WebLogoutDogInsurance" time="0.001"/>
  <system-out/>
  <testcase classname="Insurance.DogInsurance" name="WebLoginDogInsurance" time="0.001"/>
  <system-out/>
</testsuite> <!-- Insurance.DogInsurance -->
