<?xml version="1.0" encoding="UTF-8"?>
<!-- Generated by org.testng.reporters.JUnitReportReporter -->
<testsuite hostname="LTUGPLTP0086" failures="0" tests="1" name="RobotClass.Robot" time="12.871" errors="0" timestamp="2023-06-06T14:41:06 EEST" skipped="0">
  <testcase classname="RobotClass.Robot" name="KeyBoard" time="12.871"/>
  <system-out/>
</testsuite> <!-- RobotClass.Robot -->
