<?xml version="1.0" encoding="UTF-8"?>
<!-- Generated by org.testng.reporters.JUnitReportReporter -->
<testsuite hostname="LTUGPLTP0086" failures="0" tests="4" name="Insurance.HomeInsurance" time="0.012" errors="0" timestamp="2023-05-11T19:35:23 EEST" skipped="0">
  <testcase classname="Insurance.HomeInsurance" name="WebLogoutHomeInsurance" time="0.008"/>
  <system-out/>
  <testcase classname="Insurance.HomeInsurance" name="MobileLoginHomeInsurance" time="0.002"/>
  <system-out/>
  <testcase classname="Insurance.HomeInsurance" name="WebLoginHomeInsurance" time="0.001"/>
  <system-out/>
  <testcase classname="Insurance.HomeInsurance" name="MobileLogoutHomeInsurance" time="0.001"/>
  <system-out/>
</testsuite> <!-- Insurance.HomeInsurance -->
