<?xml version="1.0" encoding="UTF-8"?>
<!-- Generated by org.testng.reporters.JUnitReportReporter -->
<testsuite hostname="LTUGPLTP0086" failures="0" tests="1" name="WebElementCommands.webElementCommand" time="11.850" errors="0" timestamp="2023-05-31T23:16:54 EEST" skipped="0">
  <testcase classname="WebElementCommands.webElementCommand" name="webElement" time="11.850"/>
  <system-out/>
</testsuite> <!-- WebElementCommands.webElementCommand -->
