<?xml version="1.0" encoding="UTF-8"?>
<!-- Generated by org.testng.reporters.JUnitReportReporter -->
<testsuite hostname="LTUGPLTP0086" failures="0" tests="1" name="RobotClass.RobotClassSelenium" time="18.490" errors="0" timestamp="2023-06-06T18:40:33 EEST" skipped="0">
  <testcase classname="RobotClass.RobotClassSelenium" name="KeyBoard" time="18.490"/>
  <system-out/>
</testsuite> <!-- RobotClass.RobotClassSelenium -->
