<?xml version="1.0" encoding="UTF-8"?>
<!-- Generated by org.testng.reporters.JUnitReportReporter -->
<testsuite hostname="LTUGPLTP0086" failures="0" tests="4" name="Insurance.HomeInsurance" time="0.011" errors="0" timestamp="2023-05-31T23:16:54 EEST" skipped="0">
  <testcase classname="Insurance.HomeInsurance" name="WebLogoutHomeInsurance" time="0.002"/>
  <system-out/>
  <testcase classname="Insurance.HomeInsurance" name="MobileLoginHomeInsurance" time="0.001"/>
  <system-out/>
  <testcase classname="Insurance.HomeInsurance" name="WebLoginHomeInsurance" time="0.001"/>
  <system-out/>
  <testcase classname="Insurance.HomeInsurance" name="MobileLogoutHomeInsurance" time="0.007"/>
  <system-out/>
</testsuite> <!-- Insurance.HomeInsurance -->
