<?xml version="1.0" encoding="UTF-8"?>
<!-- Generated by org.testng.reporters.JUnitReportReporter -->
<testsuite hostname="LTUGPLTP0086" failures="0" tests="1" name="Parameters.ParameterPractice" time="10.711" errors="0" timestamp="2023-06-05T18:56:36 EEST" skipped="0">
  <testcase classname="Parameters.ParameterPractice" name="main" time="10.711"/>
  <system-out/>
</testsuite> <!-- Parameters.ParameterPractice -->
