<?xml version="1.0" encoding="UTF-8"?>
<!-- Generated by org.testng.reporters.JUnitReportReporter -->
<testsuite hostname="LTUGPLTP0086" failures="0" tests="4" name="Insurance.CarInsurance" time="0.010" errors="0" timestamp="2023-05-31T23:16:54 EEST" skipped="0">
  <testcase classname="Insurance.CarInsurance" name="WebLogoutCarInsurance" time="0.001"/>
  <system-out/>
  <testcase classname="Insurance.CarInsurance" name="MobileLogoutCarInsurance" time="0.004"/>
  <system-out/>
  <testcase classname="Insurance.CarInsurance" name="MobileLoginCarInsurance" time="0.002"/>
  <system-out/>
  <testcase classname="Insurance.CarInsurance" name="WebLoginCarInsurance" time="0.003"/>
  <system-out/>
</testsuite> <!-- Insurance.CarInsurance -->
