<?xml version="1.0" encoding="UTF-8"?>
<!-- Generated by org.testng.reporters.JUnitReportReporter -->
<testsuite hostname="LTUGPLTP0086" failures="0" tests="1" name="ReadValuesFromExcel.ReadValuesExcel" time="0.960" errors="0" timestamp="2023-05-31T23:16:54 EEST" skipped="0">
  <testcase classname="ReadValuesFromExcel.ReadValuesExcel" name="dataReadTest" time="0.960"/>
  <system-out/>
</testsuite> <!-- ReadValuesFromExcel.ReadValuesExcel -->
