<?xml version="1.0" encoding="UTF-8"?>
<!-- Generated by org.testng.reporters.JUnitReportReporter -->
<testsuite hostname="LTUGPLTP0086" failures="0" tests="1" name="WebElementCommands.webElementCommand" time="9.296" errors="0" timestamp="2023-05-19T18:31:39 EEST" skipped="0">
  <testcase classname="WebElementCommands.webElementCommand" name="webElement" time="9.296"/>
  <system-out/>
</testsuite> <!-- WebElementCommands.webElementCommand -->
