<?xml version="1.0" encoding="UTF-8"?>
<!-- Generated by org.testng.reporters.JUnitReportReporter -->
<testsuite hostname="LTUGPLTP0086" failures="0" tests="4" name="Insurance.HealthInsurance" time="0.006" errors="0" timestamp="2023-05-31T23:16:54 EEST" skipped="0">
  <testcase classname="Insurance.HealthInsurance" name="WebLoginHealthInsurance" time="0.000"/>
  <system-out/>
  <testcase classname="Insurance.HealthInsurance" name="MobileLoginHealthInsurance" time="0.001"/>
  <system-out/>
  <testcase classname="Insurance.HealthInsurance" name="MobileLogoutHealthInsurance" time="0.003"/>
  <system-out/>
  <testcase classname="Insurance.HealthInsurance" name="WebLogoutHealthInsurance" time="0.002"/>
  <system-out/>
</testsuite> <!-- Insurance.HealthInsurance -->
