<?xml version="1.0" encoding="UTF-8"?>
<!-- Generated by org.testng.reporters.JUnitReportReporter -->
<testsuite hostname="LTUGPLTP0086" failures="0" tests="2" name="Parameters.Groups" time="17.436" errors="0" timestamp="2023-06-05T18:57:00 EEST" skipped="0">
  <testcase classname="Parameters.Groups" name="main" time="8.740"/>
  <system-out/>
  <testcase classname="Parameters.Groups" name="main1" time="8.696"/>
  <system-out/>
</testsuite> <!-- Parameters.Groups -->
