<?xml version="1.0" encoding="UTF-8"?>
<!-- Generated by org.testng.reporters.JUnitReportReporter -->
<testsuite hostname="LTUGPLTP0086" failures="0" tests="1" name="SwtichCommands.DragandDrop" time="17.597" errors="0" timestamp="2023-06-06T18:27:53 EEST" skipped="0">
  <testcase classname="SwtichCommands.DragandDrop" name="DragDro" time="17.597"/>
  <system-out/>
</testsuite> <!-- SwtichCommands.DragandDrop -->
